2024-01-30 14:35:45 - root - INFO - ================================================================================
2024-01-30 14:35:45 - root - INFO - TRADING BOT SESSION STARTED
2024-01-30 14:35:45 - root - INFO - Log file: logs/trading_bot_20240130_143545.log
2024-01-30 14:35:45 - root - INFO - Log level: INFO
2024-01-30 14:35:45 - root - INFO - ================================================================================
2024-01-30 14:35:45 - __main__ - INFO - Loading API credentials...
2024-01-30 14:35:45 - __main__ - INFO - Initializing Binance client...
2024-01-30 14:35:45 - bot.client - INFO - Initialized BinanceClient with base URL: https://testnet.binancefuture.com
2024-01-30 14:35:45 - __main__ - INFO - Placing order...
2024-01-30 14:35:45 - bot.validators - INFO - Validating order parameters...
2024-01-30 14:35:45 - bot.validators - DEBUG - Symbol validated: ETHUSDT
2024-01-30 14:35:45 - bot.validators - DEBUG - Side validated: SELL
2024-01-30 14:35:45 - bot.validators - DEBUG - Order type validated: LIMIT
2024-01-30 14:35:45 - bot.validators - DEBUG - Quantity validated: 0.01
2024-01-30 14:35:45 - bot.validators - DEBUG - Price validated: 3500.0
2024-01-30 14:35:45 - bot.validators - INFO - All parameters validated successfully
2024-01-30 14:35:45 - bot.orders - INFO - Order Summary: LIMIT SELL 0.01 ETHUSDT @ 3500.0
2024-01-30 14:35:45 - bot.client - INFO - Placing LIMIT SELL order: 0.01 ETHUSDT @ 3500.0
2024-01-30 14:35:45 - bot.client - DEBUG - Making POST request to /fapi/v1/order
2024-01-30 14:35:45 - bot.client - DEBUG - Parameters: {'symbol': 'ETHUSDT', 'side': 'SELL', 'type': 'LIMIT', 'quantity': 0.01, 'price': 3500.0, 'timeInForce': 'GTC', 'timestamp': 1706624145000, 'signature': 'z6y5x4w3v2u1t0s9r8q7p6o5n4m3l2k1j0i9h8g7f6e5d4c3b2a1'}
2024-01-30 14:35:46 - bot.client - DEBUG - Response status: 200
2024-01-30 14:35:46 - bot.client - DEBUG - Response body: {"orderId":12345679,"symbol":"ETHUSDT","status":"NEW","clientOrderId":"web_xyz789abc012","price":"3500.0","avgPrice":"0","origQty":"0.01","executedQty":"0","cumQty":"0","cumQuote":"0","timeInForce":"GTC","type":"LIMIT","reduceOnly":false,"closePosition":false,"side":"SELL","positionSide":"BOTH","stopPrice":"0","workingType":"CONTRACT_PRICE","priceProtect":false,"origType":"LIMIT","updateTime":1706624146000}
2024-01-30 14:35:46 - bot.client - INFO - Order placed successfully. Order ID: 12345679
2024-01-30 14:35:46 - bot.orders - INFO - Order Response: ID=12345679, Status=NEW, ExecutedQty=0
2024-01-30 14:35:46 - __main__ - INFO - Order completed successfully
